17:12:56.584 [main] INFO  c.e.d.DemoApplication - [logStarting,50] - Starting DemoApplication on appledeMacBook-Pro.local with PID 15987 (/Users/jackey/Downloads/hello-spring-boot/target/classes started by jackey in /Users/jackey/Downloads/hello-spring-boot)
17:12:56.586 [main] INFO  c.e.d.DemoApplication - [logStartupProfileInfo,652] - The following profiles are active: dev,devDB,devRedis
17:12:58.155 [main] INFO  c.a.d.p.DruidDataSource - [info,106] - {dataSource-1} inited
17:12:58.388 [main] INFO  o.h.j.i.u.LogHelper - [logPersistenceUnitInformation,31] - HHH000204: Processing PersistenceUnitInfo [
	name: default
	...]
17:12:58.434 [main] INFO  o.hibernate.Version - [logVersion,46] - HHH000412: Hibernate Core {5.3.17.Final}
17:12:58.435 [main] INFO  o.h.cfg.Environment - [<clinit>,213] - HHH000206: hibernate.properties not found
17:12:58.524 [main] INFO  o.h.a.common.Version - [<clinit>,49] - HCANN000001: Hibernate Commons Annotations {5.0.4.Final}
17:12:58.615 [main] INFO  o.h.dialect.Dialect - [<init>,157] - HHH000400: Using dialect: org.hibernate.dialect.MySQL5Dialect
17:12:59.254 [main] INFO  o.h.h.i.QueryTranslatorFactoryInitiator - [initiateService,47] - HHH000397: Using ASTQueryTranslatorFactory
17:12:59.787 [main] INFO  c.e.d.DemoApplication - [logStarted,59] - Started DemoApplication in 3.589 seconds (JVM running for 4.069)
17:13:54.099 [Thread-10] INFO  c.a.d.p.DruidDataSource - [info,106] - {dataSource-1} closed
17:13:57.890 [main] INFO  c.e.d.DemoApplication - [logStarting,50] - Starting DemoApplication on appledeMacBook-Pro.local with PID 16007 (/Users/jackey/Downloads/hello-spring-boot/target/classes started by jackey in /Users/jackey/Downloads/hello-spring-boot)
17:13:57.892 [main] INFO  c.e.d.DemoApplication - [logStartupProfileInfo,652] - The following profiles are active: dev,devDB,devRedis
17:13:59.504 [main] INFO  c.a.d.p.DruidDataSource - [info,106] - {dataSource-1} inited
17:13:59.688 [main] INFO  o.h.j.i.u.LogHelper - [logPersistenceUnitInformation,31] - HHH000204: Processing PersistenceUnitInfo [
	name: default
	...]
17:13:59.730 [main] INFO  o.hibernate.Version - [logVersion,46] - HHH000412: Hibernate Core {5.3.17.Final}
17:13:59.731 [main] INFO  o.h.cfg.Environment - [<clinit>,213] - HHH000206: hibernate.properties not found
17:13:59.821 [main] INFO  o.h.a.common.Version - [<clinit>,49] - HCANN000001: Hibernate Commons Annotations {5.0.4.Final}
17:13:59.911 [main] INFO  o.h.dialect.Dialect - [<init>,157] - HHH000400: Using dialect: org.hibernate.dialect.MySQL5Dialect
17:14:00.569 [main] INFO  o.h.h.i.QueryTranslatorFactoryInitiator - [initiateService,47] - HHH000397: Using ASTQueryTranslatorFactory
17:14:01.088 [main] INFO  c.e.d.DemoApplication - [logStarted,59] - Started DemoApplication in 3.581 seconds (JVM running for 4.243)
17:16:19.599 [Thread-11] INFO  c.a.d.p.DruidDataSource - [info,106] - {dataSource-1} closed
